<?xml version="1.0" encoding="UTF-8"?>
<!-- Generated by org.testng.reporters.JUnitXMLReporter -->
<testsuite ignored="0" hostname="DESKTOP-09IB0QD" failures="1" tests="4" name="Test" time="6.021" errors="0" timestamp="2023-06-21T20:46:54 IST">
  <testcase classname="com.selenium.code.TestNGDemo.listnersWithExtentReports.TestExample" name="@AfterClass stop" time="5.014">
    <failure type="java.lang.NullPointerException" message="Cannot invoke &amp;quot;org.openqa.selenium.WebDriver.quit()&amp;quot; because &amp;quot;this.driver&amp;quot; is null">
      <![CDATA[java.lang.NullPointerException: Cannot invoke "org.openqa.selenium.WebDriver.quit()" because "this.driver" is null
at com.selenium.code.TestNGDemo.listnersWithExtentReports.TestExample.stop(TestExample.java:87)
at java.base/java.util.ArrayList.forEach(ArrayList.java:1511)
... Removed 25 stack frames]]>
    </failure>
  </testcase> <!-- @AfterClass stop -->
  <testcase classname="com.selenium.code.TestNGDemo.listnersWithExtentReports.TestExample" name="TestExamples" time="0.046"/>
  <testcase classname="com.selenium.code.TestNGDemo.listnersWithExtentReports.TestExample" name="TestExamples1" time="0.011"/>
  <testcase classname="com.selenium.code.TestNGDemo.listnersWithExtentReports.TestExample" name="testSkipped" time="0.007">
    <skipped/>
  </testcase> <!-- testSkipped -->
  <testcase classname="com.selenium.code.TestNGDemo.listnersWithExtentReports.TestExample" name="tetsfail" time="0.047">
    <failure type="java.lang.AssertionError" message="expected [true] but found [false]">
      <![CDATA[java.lang.AssertionError: expected [true] but found [false]
at com.selenium.code.TestNGDemo.listnersWithExtentReports.TestExample.tetsfail(TestExample.java:58)
at java.base/java.util.ArrayList.forEach(ArrayList.java:1511)
... Removed 31 stack frames]]>
    </failure>
  </testcase> <!-- tetsfail -->
</testsuite> <!-- Test -->
