<?xml version="1.0" encoding="UTF-8"?>
<!-- Generated by org.testng.reporters.JUnitXMLReporter -->
<testsuite ignored="0" hostname="DESKTOP-09IB0QD" failures="2" tests="10" name="RetryTestc" time="0.291" errors="0" timestamp="2023-06-08T08:20:21 IST">
  <testcase classname="com.selenium.code.TestNGDemo.retry.RetryTesteCasseDemo" name="test1" time="0.019"/>
  <testcase classname="com.selenium.code.TestNGDemo.retry.RetryTesteCasseDemo" name="test2" time="0.05">
    <skipped/>
  </testcase> <!-- test2 -->
  <testcase classname="com.selenium.code.TestNGDemo.retry.RetryTesteCasseDemo" name="test2" time="0.003">
    <skipped/>
  </testcase> <!-- test2 -->
  <testcase classname="com.selenium.code.TestNGDemo.retry.RetryTesteCasseDemo" name="test2" time="0.002">
    <skipped/>
  </testcase> <!-- test2 -->
  <testcase classname="com.selenium.code.TestNGDemo.retry.RetryTesteCasseDemo" name="test2" time="0.002">
    <failure type="java.lang.AssertionError" message="expected [true] but found [false]">
      <![CDATA[java.lang.AssertionError: expected [true] but found [false]
at com.selenium.code.TestNGDemo.retry.RetryTesteCasseDemo.test2(RetryTesteCasseDemo.java:25)
at java.base/java.util.ArrayList.forEach(ArrayList.java:1511)
... Removed 31 stack frames]]>
    </failure>
  </testcase> <!-- test2 -->
  <testcase classname="com.selenium.code.TestNGDemo.retry.RetryTesteCasseDemo" name="test3" time="0.011">
    <skipped/>
  </testcase> <!-- test3 -->
  <testcase classname="com.selenium.code.TestNGDemo.retry.RetryTesteCasseDemo" name="test3" time="0.007">
    <skipped/>
  </testcase> <!-- test3 -->
  <testcase classname="com.selenium.code.TestNGDemo.retry.RetryTesteCasseDemo" name="test3" time="0.003">
    <skipped/>
  </testcase> <!-- test3 -->
  <testcase classname="com.selenium.code.TestNGDemo.retry.RetryTesteCasseDemo" name="test3" time="0.004">
    <failure type="java.lang.AssertionError" message="expected [true] but found [false]">
      <![CDATA[java.lang.AssertionError: expected [true] but found [false]
at com.selenium.code.TestNGDemo.retry.RetryTesteCasseDemo.test3(RetryTesteCasseDemo.java:32)
at java.base/java.util.ArrayList.forEach(ArrayList.java:1511)
... Removed 31 stack frames]]>
    </failure>
  </testcase> <!-- test3 -->
  <testcase classname="com.selenium.code.TestNGDemo.retry.RetryTesteCasseDemo" name="test4" time="0.005"/>
</testsuite> <!-- RetryTestc -->
